{
  "0 debug pnpm:scope": {
    "selected": 1
  },
  "1 error pnpm": {
    "code": "ELIFECYCLE",
    "errno": "ENOENT",
    "syscall": "spawn",
    "file": "sh",
    "pkgid": "trtc-js-samples-site@0.1.0",
    "stage": "dev",
    "script": "next dev -p 3001",
    "pkgname": "trtc-js-samples-site",
    "err": {
      "name": "pnpm",
      "message": "trtc-js-samples-site@0.1.0 dev: `next dev -p 3001`\nspawn ENOENT",
      "code": "ELIFECYCLE",
      "stack": "pnpm: trtc-js-samples-site@0.1.0 dev: `next dev -p 3001`\nspawn ENOENT\n    at ChildProcess.<anonymous> (/Users/yankaizhi/.nvm/versions/node/v16.13.0/pnpm-global/5/node_modules/.pnpm/pnpm@6.29.1/node_modules/pnpm/dist/pnpm.cjs:92187:22)\n    at ChildProcess.emit (node:events:526:28)\n    at maybeClose (node:internal/child_process:1092:16)\n    at Process.ChildProcess._handle.onexit (node:internal/child_process:302:5)"
    }
  },
  "2 warn pnpm:global": " Local package.json exists, but node_modules missing, did you mean to install?"
}